<?xml version="1.0" encoding="UTF-8"?>
<testsuite xmlns:xsi="http://www.w3.org/2001/XMLSchema-instance" xsi:noNamespaceSchemaLocation="https://maven.apache.org/surefire/maven-surefire-plugin/xsd/surefire-test-report-3.0.xsd" version="3.0" name="WordCounterTest" time="0.05" tests="4" errors="0" skipped="0" failures="2">
  <properties>
[...]
</properties>
  <testcase name="testText" classname="WordCounterTest" time="0.022">
    <failure message="expected:&lt;{not=1, nobler=1}&gt; but was:&lt;{}&gt;" type="java.lang.AssertionError"><![CDATA[java.lang.AssertionError: expected:<{not=1, nobler=1}> but was:<{}>
	at org.junit.Assert.fail(Assert.java:89)
	at org.junit.Assert.failNotEquals(Assert.java:835)
	at org.junit.Assert.assertEquals(Assert.java:120)
	at kotlin.test.junit.JUnitAsserter.assertEquals(JUnitSupport.kt:32)
	at kotlin.test.AssertionsKt__AssertionsKt.assertEquals(Assertions.kt:63)
	at kotlin.test.AssertionsKt.assertEquals(Unknown Source)
	at kotlin.test.AssertionsKt__AssertionsKt.assertEquals$default(Assertions.kt:62)
	at kotlin.test.AssertionsKt.assertEquals$default(Unknown Source)
	at WordCounterTest.testText(WordCounterTest.kt:68)
	at java.base/jdk.internal.reflect.DirectMethodHandleAccessor.invoke(DirectMethodHandleAccessor.java:104)
	at java.base/java.lang.reflect.Method.invoke(Method.java:565)
	at org.junit.runners.model.FrameworkMethod$1.runReflectiveCall(FrameworkMethod.java:59)
	at org.junit.internal.runners.model.ReflectiveCallable.run(ReflectiveCallable.java:12)
	at org.junit.runners.model.FrameworkMethod.invokeExplosively(FrameworkMethod.java:56)
	at org.junit.internal.runners.statements.InvokeMethod.evaluate(InvokeMethod.java:17)
	at org.junit.runners.ParentRunner$3.evaluate(ParentRunner.java:306)
	at org.junit.runners.BlockJUnit4ClassRunner$1.evaluate(BlockJUnit4ClassRunner.java:100)
	at org.junit.runners.ParentRunner.runLeaf(ParentRunner.java:366)
	at org.junit.runners.BlockJUnit4ClassRunner.runChild(BlockJUnit4ClassRunner.java:103)
	at org.junit.runners.BlockJUnit4ClassRunner.runChild(BlockJUnit4ClassRunner.java:63)
	at org.junit.runners.ParentRunner$4.run(ParentRunner.java:331)
	at org.junit.runners.ParentRunner$1.schedule(ParentRunner.java:79)
	at org.junit.runners.ParentRunner.runChildren(ParentRunner.java:329)
	at org.junit.runners.ParentRunner.access$100(ParentRunner.java:66)
	at org.junit.runners.ParentRunner$2.evaluate(ParentRunner.java:293)
	at org.junit.runners.ParentRunner$3.evaluate(ParentRunner.java:306)
	at org.junit.runners.ParentRunner.run(ParentRunner.java:413)
	at org.apache.maven.surefire.junit4.JUnit4Provider.execute(JUnit4Provider.java:316)
	at org.apache.maven.surefire.junit4.JUnit4Provider.executeWithRerun(JUnit4Provider.java:240)
	at org.apache.maven.surefire.junit4.JUnit4Provider.executeTestSet(JUnit4Provider.java:214)
	at org.apache.maven.surefire.junit4.JUnit4Provider.invoke(JUnit4Provider.java:155)
	at org.apache.maven.surefire.booter.ForkedBooter.runSuitesInProcess(ForkedBooter.java:385)
	at org.apache.maven.surefire.booter.ForkedBooter.execute(ForkedBooter.java:162)
	at org.apache.maven.surefire.booter.ForkedBooter.run(ForkedBooter.java:507)
	at org.apache.maven.surefire.booter.ForkedBooter.main(ForkedBooter.java:495)
]]></failure>
    <system-out><![CDATA[to
to +    t.   + null
reached -- to + t + null
o +    o.   + null
reached -- o + o + null
be
be +    b.   + null
reached -- be + b + null
e +    e.   + null
reached -- e + e + null
or
or +    o.   + null
reached -- or + o + null
r +    r.   + null
reached -- r + r + null
not
not +    n.   + null
reached -- not + n + null
ot +    o.   + null
reached -- ot + o + null
t +    t.   + null
reached -- t + t + null
to
to +    t.   + 0
o +    o.   + 1
be
be +    b.   + 0
e +    e.   + 1
that
that +    t.   + 0
hat +    h.   + null
reached -- hat + h + null
at +    a.   + null
reached -- at + a + null
t +    t.   + null
reached -- t + t + null
is
is +    i.   + null
reached -- is + i + null
s +    s.   + null
reached -- s + s + null
the
the +    t.   + 0
he +    h.   + 0
e +    e.   + null
reached -- e + e + null
question
question +    q.   + null
reached -- question + q + null
uestion +    u.   + null
reached -- uestion + u + null
estion +    e.   + null
reached -- estion + e + null
stion +    s.   + null
reached -- stion + s + null
tion +    t.   + null
reached -- tion + t + null
ion +    i.   + null
reached -- ion + i + null
on +    o.   + null
reached -- on + o + null
n +    n.   + null
reached -- n + n + null
whether
whether +    w.   + null
reached -- whether + w + null
hether +    h.   + null
reached -- hether + h + null
ether +    e.   + null
reached -- ether + e + null
ther +    t.   + null
reached -- ther + t + null
her +    h.   + null
reached -- her + h + null
er +    e.   + null
reached -- er + e + null
r +    r.   + null
reached -- r + r + null
tis
tis +    t.   + 0
is +    i.   + null
reached -- is + i + null
s +    s.   + null
reached -- s + s + null
nobler
nobler +    n.   + 0
obler +    o.   + 0
bler +    b.   + null
reached -- bler + b + null
ler +    l.   + null
reached -- ler + l + null
er +    e.   + null
reached -- er + e + null
r +    r.   + null
reached -- r + r + null
in
in +    i.   + 0
n +    n.   + null
reached -- n + n + null
the
the +    t.   + 0
he +    h.   + 0
e +    e.   + 1
mind
mind +    m.   + null
reached -- mind + m + null
ind +    i.   + null
reached -- ind + i + null
nd +    n.   + null
reached -- nd + n + null
d +    d.   + null
reached -- d + d + null
to
to +    t.   + 0
o +    o.   + 2
suffer
suffer +    s.   + null
reached -- suffer + s + null
uffer +    u.   + null
reached -- uffer + u + null
ffer +    f.   + null
reached -- ffer + f + null
fer +    f.   + null
reached -- fer + f + null
er +    e.   + null
reached -- er + e + null
r +    r.   + null
reached -- r + r + null
]]></system-out>
  </testcase>
  <testcase name="testContainsPositive" classname="WordCounterTest" time="0.001">
    <failure message="Cheese is cheese, Should return &apos;true&apos; for contains cheese expected:&lt;true&gt; but was:&lt;false&gt;" type="java.lang.AssertionError"><![CDATA[java.lang.AssertionError: Cheese is cheese, Should return 'true' for contains cheese expected:<true> but was:<false>
	at org.junit.Assert.fail(Assert.java:89)
	at org.junit.Assert.failNotEquals(Assert.java:835)
	at org.junit.Assert.assertEquals(Assert.java:120)
	at kotlin.test.junit.JUnitAsserter.assertEquals(JUnitSupport.kt:32)
	at kotlin.test.AssertionsKt__AssertionsKt.assertEquals(Assertions.kt:63)
	at kotlin.test.AssertionsKt.assertEquals(Unknown Source)
	at WordCounterTest.testContainsPositive(WordCounterTest.kt:29)
	at java.base/jdk.internal.reflect.DirectMethodHandleAccessor.invoke(DirectMethodHandleAccessor.java:104)
	at java.base/java.lang.reflect.Method.invoke(Method.java:565)
	at org.junit.runners.model.FrameworkMethod$1.runReflectiveCall(FrameworkMethod.java:59)
	at org.junit.internal.runners.model.ReflectiveCallable.run(ReflectiveCallable.java:12)
	at org.junit.runners.model.FrameworkMethod.invokeExplosively(FrameworkMethod.java:56)
	at org.junit.internal.runners.statements.InvokeMethod.evaluate(InvokeMethod.java:17)
	at org.junit.runners.ParentRunner$3.evaluate(ParentRunner.java:306)
	at org.junit.runners.BlockJUnit4ClassRunner$1.evaluate(BlockJUnit4ClassRunner.java:100)
	at org.junit.runners.ParentRunner.runLeaf(ParentRunner.java:366)
	at org.junit.runners.BlockJUnit4ClassRunner.runChild(BlockJUnit4ClassRunner.java:103)
	at org.junit.runners.BlockJUnit4ClassRunner.runChild(BlockJUnit4ClassRunner.java:63)
	at org.junit.runners.ParentRunner$4.run(ParentRunner.java:331)
	at org.junit.runners.ParentRunner$1.schedule(ParentRunner.java:79)
	at org.junit.runners.ParentRunner.runChildren(ParentRunner.java:329)
	at org.junit.runners.ParentRunner.access$100(ParentRunner.java:66)
	at org.junit.runners.ParentRunner$2.evaluate(ParentRunner.java:293)
	at org.junit.runners.ParentRunner$3.evaluate(ParentRunner.java:306)
	at org.junit.runners.ParentRunner.run(ParentRunner.java:413)
	at org.apache.maven.surefire.junit4.JUnit4Provider.execute(JUnit4Provider.java:316)
	at org.apache.maven.surefire.junit4.JUnit4Provider.executeWithRerun(JUnit4Provider.java:240)
	at org.apache.maven.surefire.junit4.JUnit4Provider.executeTestSet(JUnit4Provider.java:214)
	at org.apache.maven.surefire.junit4.JUnit4Provider.invoke(JUnit4Provider.java:155)
	at org.apache.maven.surefire.booter.ForkedBooter.runSuitesInProcess(ForkedBooter.java:385)
	at org.apache.maven.surefire.booter.ForkedBooter.execute(ForkedBooter.java:162)
	at org.apache.maven.surefire.booter.ForkedBooter.run(ForkedBooter.java:507)
	at org.apache.maven.surefire.booter.ForkedBooter.main(ForkedBooter.java:495)
]]></failure>
    <system-out><![CDATA[cheese
cheese +    c.   + null
reached -- cheese + c + null
heese +    h.   + null
reached -- heese + h + null
eese +    e.   + null
reached -- eese + e + null
ese +    e.   + null
reached -- ese + e + null
se +    s.   + null
reached -- se + s + null
e +    e.   + null
reached -- e + e + null
]]></system-out>
  </testcase>
  <testcase name="testIncrementAndGet" classname="WordCounterTest" time="0.001">
    <system-out><![CDATA[bookkeeper
bookkeeper +    b.   + null
reached -- bookkeeper + b + null
ookkeeper +    o.   + null
reached -- ookkeeper + o + null
okkeeper +    o.   + null
reached -- okkeeper + o + null
kkeeper +    k.   + null
reached -- kkeeper + k + null
keeper +    k.   + null
reached -- keeper + k + null
eeper +    e.   + null
reached -- eeper + e + null
eper +    e.   + null
reached -- eper + e + null
per +    p.   + null
reached -- per + p + null
er +    e.   + null
reached -- er + e + null
r +    r.   + null
reached -- r + r + null
bookkeep
bookkeep +    b.   + 0
ookkeep +    o.   + 0
okkeep +    o.   + 0
kkeep +    k.   + 0
keep +    k.   + 0
eep +    e.   + 0
ep +    e.   + 0
p +    p.   + 0
bookkeep
bookkeep +    b.   + 0
ookkeep +    o.   + 0
okkeep +    o.   + 0
kkeep +    k.   + 0
keep +    k.   + 0
eep +    e.   + 0
ep +    e.   + 0
p +    p.   + 1
book
book +    b.   + 0
ook +    o.   + 0
ok +    o.   + 0
k +    k.   + 0
book
book +    b.   + 0
ook +    o.   + 0
ok +    o.   + 0
k +    k.   + 1
book
book +    b.   + 0
ook +    o.   + 0
ok +    o.   + 0
k +    k.   + 2
]]></system-out>
  </testcase>
  <testcase name="testContainsNegative" classname="WordCounterTest" time="0.0">
    <system-out><![CDATA[chess
chess +    c.   + null
reached -- chess + c + null
hess +    h.   + null
reached -- hess + h + null
ess +    e.   + null
reached -- ess + e + null
ss +    s.   + null
reached -- ss + s + null
s +    s.   + null
reached -- s + s + null
incremented chess
]]></system-out>
  </testcase>
</testsuite>